<?xml version="1.0" encoding="UTF-8"?>
<!-- Generated by org.testng.reporters.JUnitReportReporter -->
<testsuite hostname="DESKTOP-3V621AB" failures="0" tests="1" name="com.fitpeo.testcases.RevenueCalTestCases" time="8.716" errors="0" timestamp="2024-08-05T18:11:42 IST" skipped="0">
  <testcase classname="com.fitpeo.testcases.RevenueCalTestCases" name="updateTextInput" time="8.716"/>
</testsuite> <!-- com.fitpeo.testcases.RevenueCalTestCases -->
